<?xml version="1.0" encoding="UTF-8"?>
<!-- Generated by org.testng.reporters.JUnitReportReporter -->
<testsuite hostname="DESKTOP-TFNF2PK" failures="0" tests="1" name="Academy.validateNavigation" time="0.429" errors="0" timestamp="24 Apr 2020 22:26:08 GMT">
  <testcase classname="Academy.validateNavigation" name="ValidateAppNavBar" time="0.429"/>
</testsuite> <!-- Academy.validateNavigation -->
