<?xml version="1.0" encoding="UTF-8"?>
<!-- Generated by org.testng.reporters.JUnitReportReporter -->
<testsuite hostname="DESKTOP-TFNF2PK" failures="0" tests="2" name="Academy.Homepage" time="82.146" errors="0" timestamp="24 Apr 2020 22:26:08 GMT">
  <testcase classname="Academy.Homepage" name="basePageNavigation" time="53.279"/>
  <testcase classname="Academy.Homepage" name="basePageNavigation" time="28.867"/>
</testsuite> <!-- Academy.Homepage -->
