<?xml version="1.0" encoding="UTF-8"?>
<!-- Generated by org.testng.reporters.JUnitReportReporter -->
<testsuite skipped="0" hostname="DESKTOP-TFNF2PK" name="Academy.validateNavigation" tests="1" failures="0" timestamp="2020-04-23T16:06:15 EDT" time="0.091" errors="0">
  <testcase name="basePageNavigation" time="0.091" classname="Academy.validateNavigation"/>
  <system-out/>
</testsuite> <!-- Academy.validateNavigation -->
