<?xml version="1.0" encoding="UTF-8"?>
<!-- Generated by org.testng.reporters.JUnitReportReporter -->
<testsuite skipped="0" hostname="DESKTOP-TFNF2PK" name="Academy.Homepage" tests="2" failures="0" timestamp="2020-04-23T16:06:15 EDT" time="32.208" errors="0">
  <testcase name="basePageNavigation" time="15.482" classname="Academy.Homepage"/>
  <system-out/>
  <testcase name="basePageNavigation" time="16.726" classname="Academy.Homepage"/>
  <system-out/>
</testsuite> <!-- Academy.Homepage -->
