<?xml version="1.0" encoding="UTF-8"?>
<!-- Generated by org.testng.reporters.JUnitReportReporter -->
<testsuite skipped="0" hostname="DESKTOP-TFNF2PK" name="Academy.validateTitle" tests="1" failures="0" timestamp="2020-04-23T16:06:15 EDT" time="0.053" errors="0">
  <testcase name="basePageNavigation" time="0.053" classname="Academy.validateTitle"/>
  <system-out/>
</testsuite> <!-- Academy.validateTitle -->
